<?xml version="1.0" encoding="UTF-8"?>
<!-- Generated by org.testng.reporters.JUnitReportReporter -->
<testsuite skipped="0" hostname="DESKTOP-AK4SNQ8" name="Basics.HandlingAlertTest" tests="1" failures="0" timestamp="2023-01-31T21:47:01 IST" time="53.816" errors="0">
  <testcase name="test1" time="53.816" classname="Basics.HandlingAlertTest"/>
  <system-out/>
</testsuite> <!-- Basics.HandlingAlertTest -->
